<?xml version="1.0" encoding="UTF-8"?>
<!-- Generated by org.testng.reporters.JUnitReportReporter -->
<testsuite hostname="DESKTOP-T3IG8H8" name="guru99Demo.guru99Demo.loginPage" tests="1" failures="0" timestamp="12 Sep 2019 17:40:12 GMT" time="6.701" errors="0">
  <testcase name="userLogin" time="6.701" classname="guru99Demo.guru99Demo.loginPage"/>
</testsuite> <!-- guru99Demo.guru99Demo.loginPage -->
