<?xml version="1.0" encoding="UTF-8"?>
<!-- Generated by org.testng.reporters.JUnitReportReporter -->
<testsuite hostname="DESKTOP-T3IG8H8" name="guru99Demo.guru99Demo.HomepageValidation" tests="1" failures="0" timestamp="13 Sep 2019 14:38:42 GMT" time="2.010" errors="0">
  <testcase name="userLogin" time="2.010" classname="guru99Demo.guru99Demo.HomepageValidation"/>
</testsuite> <!-- guru99Demo.guru99Demo.HomepageValidation -->
