<?xml version="1.0" encoding="UTF-8"?>
<!-- Generated by org.testng.reporters.JUnitReportReporter -->
<testsuite hostname="DESKTOP-T3IG8H8" name="guru99Demo.guru99Demo.LoginTestCase" tests="2" failures="0" timestamp="13 Sep 2019 14:24:42 GMT" time="2.931" errors="0">
  <testcase name="userLogin" time="2.177" classname="guru99Demo.guru99Demo.LoginTestCase"/>
  <testcase name="userLogin" time="0.754" classname="guru99Demo.guru99Demo.LoginTestCase"/>
</testsuite> <!-- guru99Demo.guru99Demo.LoginTestCase -->
