<?xml version="1.0" encoding="UTF-8"?>
<!-- Generated by org.testng.reporters.JUnitReportReporter -->
<testsuite hostname="DESKTOP-T3IG8H8" name="guru99Demo.guru99Demo.LoginTestCase" tests="2" failures="0" timestamp="13 Sep 2019 03:52:42 GMT" time="5.249" errors="0">
  <testcase name="userLogin" time="3.358" classname="guru99Demo.guru99Demo.LoginTestCase"/>
  <testcase name="userLogin" time="1.891" classname="guru99Demo.guru99Demo.LoginTestCase"/>
</testsuite> <!-- guru99Demo.guru99Demo.LoginTestCase -->
