<?xml version="1.0" encoding="UTF-8"?>
<!-- Generated by org.testng.reporters.JUnitReportReporter -->
<testsuite hostname="DESKTOP-T3IG8H8" name="guru99Demo.guru99Demo.LoginTopNavTC2" tests="1" failures="0" timestamp="13 Sep 2019 14:40:16 GMT" time="6.005" errors="0">
  <testcase name="userLogin" time="6.005" classname="guru99Demo.guru99Demo.LoginTopNavTC2"/>
</testsuite> <!-- guru99Demo.guru99Demo.LoginTopNavTC2 -->
